<?xml version="1.0" encoding="UTF-8"?>
<!-- Generated by org.testng.reporters.JUnitReportReporter -->
<testsuite hostname="DESKTOP-383AQQU" failures="0" tests="1" name="Day6.XMLSchemaValidation" time="6.969" errors="0" timestamp="2024-08-26T23:34:21 IST" skipped="0">
  <testcase classname="Day6.XMLSchemaValidation" name="xmlSchemaValidation" time="6.969"/>
</testsuite> <!-- Day6.XMLSchemaValidation -->
