<?xml version="1.0" encoding="UTF-8"?>
<!-- Generated by org.testng.reporters.JUnitReportReporter -->
<testsuite hostname="DESKTOP-383AQQU" failures="0" tests="1" name="Day3.PathAndQueryParameters" time="4.883" errors="0" timestamp="2024-08-17T23:44:17 IST" skipped="0">
  <testcase classname="Day3.PathAndQueryParameters" name="testQueryAndPathParamneters" time="4.883"/>
</testsuite> <!-- Day3.PathAndQueryParameters -->
