<?xml version="1.0" encoding="UTF-8"?>
<!-- Generated by org.testng.reporters.JUnitReportReporter -->
<testsuite hostname="DESKTOP-383AQQU" failures="0" tests="2" name="Day2.CreatingReqUsingDiffWays" time="9.882" errors="0" timestamp="2024-08-17T13:58:30 IST" skipped="0">
  <testcase classname="Day2.CreatingReqUsingDiffWays" name="testUsingHashMap" time="9.714"/>
  <testcase classname="Day2.CreatingReqUsingDiffWays" name="testDelete" time="0.168"/>
</testsuite> <!-- Day2.CreatingReqUsingDiffWays -->
