<?xml version="1.0" encoding="UTF-8"?>
<!-- Generated by org.testng.reporters.JUnitReportReporter -->
<testsuite hostname="DESKTOP-383AQQU" failures="0" tests="1" name="Day8.CreateNewUser" time="10.094" errors="0" timestamp="2024-09-03T20:30:05 IST" skipped="0">
  <testcase classname="Day8.CreateNewUser" name="testCreateNewUser" time="10.094"/>
</testsuite> <!-- Day8.CreateNewUser -->
