<?xml version="1.0" encoding="UTF-8"?>
<!-- Generated by org.testng.reporters.JUnitReportReporter -->
<testsuite hostname="DESKTOP-383AQQU" failures="0" tests="1" name="Day3.HeadersDemo" time="6.042" errors="0" timestamp="2024-08-25T18:59:59 IST" skipped="0">
  <testcase classname="Day3.HeadersDemo" name="getHeaders" time="6.042"/>
</testsuite> <!-- Day3.HeadersDemo -->
