<?xml version="1.0" encoding="UTF-8"?>
<!-- Generated by org.testng.reporters.JUnitReportReporter -->
<testsuite hostname="DESKTOP-383AQQU" failures="0" tests="1" name="Day2.POJO_RequestBooksAPI" time="7.702" errors="0" timestamp="2024-08-17T18:14:59 IST" skipped="0">
  <testcase classname="Day2.POJO_RequestBooksAPI" name="registerUserClient" time="7.702"/>
</testsuite> <!-- Day2.POJO_RequestBooksAPI -->
