<?xml version="1.0" encoding="UTF-8"?>
<!-- Generated by org.testng.reporters.JUnitReportReporter -->
<testsuite hostname="DESKTOP-383AQQU" failures="0" tests="4" name="Day1.HTTPRequests" time="14.580" errors="0" timestamp="2024-08-17T00:18:24 IST" skipped="0">
  <testcase classname="Day1.HTTPRequests" name="createUser" time="11.931"/>
  <testcase classname="Day1.HTTPRequests" name="updateUser" time="1.176"/>
  <testcase classname="Day1.HTTPRequests" name="deleteUser" time="1.167"/>
  <testcase classname="Day1.HTTPRequests" name="getUsers" time="0.306"/>
</testsuite> <!-- Day1.HTTPRequests -->
