<?xml version="1.0" encoding="UTF-8"?>
<!-- Generated by org.testng.reporters.JUnitReportReporter -->
<testsuite hostname="DESKTOP-383AQQU" failures="0" tests="1" name="Day8.CreateNewUser" time="7.285" errors="0" timestamp="2024-08-31T18:32:49 IST" skipped="0">
  <testcase classname="Day8.CreateNewUser" name="testCreateNewUser" time="7.285"/>
</testsuite> <!-- Day8.CreateNewUser -->
