<?xml version="1.0" encoding="UTF-8"?>
<!-- Generated by org.testng.reporters.JUnitReportReporter -->
<testsuite hostname="DESKTOP-383AQQU" failures="0" tests="4" name="Day2.HashMapRequestBooksAPI" time="11.538" errors="0" timestamp="2024-08-17T18:09:09 IST" skipped="0">
  <testcase classname="Day2.HashMapRequestBooksAPI" name="registerUserClient" time="7.744"/>
  <testcase classname="Day2.HashMapRequestBooksAPI" name="getAPIstatus" time="1.149"/>
  <testcase classname="Day2.HashMapRequestBooksAPI" name="getListOfBooks" time="1.306"/>
  <testcase classname="Day2.HashMapRequestBooksAPI" name="getSingleBookDetail" time="1.339"/>
</testsuite> <!-- Day2.HashMapRequestBooksAPI -->
