<?xml version="1.0" encoding="UTF-8"?>
<!-- Generated by org.testng.reporters.JUnitReportReporter -->
<testsuite hostname="DESKTOP-383AQQU" failures="0" tests="1" name="Day2.JSONFileRequestBooksAPI" time="7.508" errors="0" timestamp="2024-08-17T22:35:32 IST" skipped="0">
  <testcase classname="Day2.JSONFileRequestBooksAPI" name="registerUserClient" time="7.508"/>
</testsuite> <!-- Day2.JSONFileRequestBooksAPI -->
