<?xml version="1.0" encoding="UTF-8"?>
<!-- Generated by org.testng.reporters.JUnitReportReporter -->
<testsuite hostname="DESKTOP-383AQQU" failures="0" tests="1" name="Day3.CookiesDemo" time="3.529" errors="0" timestamp="2024-08-20T00:01:55 IST" skipped="0">
  <testcase classname="Day3.CookiesDemo" name="gettestCookiesInfo" time="3.529"/>
</testsuite> <!-- Day3.CookiesDemo -->
