<?xml version="1.0" encoding="UTF-8"?>
<!-- Generated by org.testng.reporters.JUnitReportReporter -->
<testsuite hostname="DESKTOP-383AQQU" failures="0" tests="5" name="Day7.Authentication" time="10.292" errors="0" timestamp="2024-08-28T22:28:17 IST" skipped="0">
  <testcase classname="Day7.Authentication" name="testBasicAuthentication" time="6.179"/>
  <testcase classname="Day7.Authentication" name="testDigestAuthentication" time="1.435"/>
  <testcase classname="Day7.Authentication" name="testPreemptiveAuthentication" time="1.351"/>
  <testcase classname="Day7.Authentication" name="testBearerAuthentication" time="0.648"/>
  <testcase classname="Day7.Authentication" name="test_API_Key_Authentication" time="0.679"/>
</testsuite> <!-- Day7.Authentication -->
