<?xml version="1.0" encoding="UTF-8"?>
<!-- Generated by org.testng.reporters.JUnitReportReporter -->
<testsuite hostname="DESKTOP-383AQQU" failures="0" tests="1" name="Day7.ParsingJsonObjectAndArray" time="2.939" errors="0" timestamp="2024-08-28T23:18:55 IST" skipped="0">
  <testcase classname="Day7.ParsingJsonObjectAndArray" name="ParseJsonArray" time="2.939"/>
</testsuite> <!-- Day7.ParsingJsonObjectAndArray -->
