<?xml version="1.0" encoding="UTF-8"?>
<!-- Generated by org.testng.reporters.JUnitReportReporter -->
<testsuite hostname="DESKTOP-383AQQU" failures="0" tests="1" name="Day5.ParsingXMLResponse" time="4.874" errors="0" timestamp="2024-08-26T17:23:43 IST" skipped="0">
  <testcase classname="Day5.ParsingXMLResponse" name="testXMLResponseValidate" time="4.874"/>
</testsuite> <!-- Day5.ParsingXMLResponse -->
