<?xml version="1.0" encoding="UTF-8"?>
<!-- Generated by org.testng.reporters.JUnitReportReporter -->
<testsuite hostname="DESKTOP-383AQQU" failures="0" tests="2" name="Day5.FileUploadAndDownload" time="5.044" errors="0" timestamp="2024-08-26T21:40:42 IST" skipped="0">
  <testcase classname="Day5.FileUploadAndDownload" name="multipleFileUpload" time="4.923"/>
  <testcase classname="Day5.FileUploadAndDownload" name="fileDownload" time="0.121"/>
</testsuite> <!-- Day5.FileUploadAndDownload -->
