<?xml version="1.0" encoding="UTF-8"?>
<!-- Generated by org.testng.reporters.JUnitReportReporter -->
<testsuite hostname="DESKTOP-383AQQU" failures="0" tests="1" name="Day2.OrgJsonRequestBooksAPI" time="9.457" errors="0" timestamp="2024-08-17T16:58:02 IST" skipped="0">
  <testcase classname="Day2.OrgJsonRequestBooksAPI" name="executeAgain" time="9.457"/>
</testsuite> <!-- Day2.OrgJsonRequestBooksAPI -->
