<?xml version="1.0" encoding="UTF-8"?>
<!-- Generated by org.testng.reporters.JUnitReportReporter -->
<testsuite hostname="DESKTOP-383AQQU" failures="0" tests="1" name="Day7.FakerDataGenerate" time="0.441" errors="0" timestamp="2024-08-28T22:40:15 IST" skipped="0">
  <testcase classname="Day7.FakerDataGenerate" name="testDataGenerate" time="0.441"/>
</testsuite> <!-- Day7.FakerDataGenerate -->
