<?xml version="1.0" encoding="UTF-8"?>
<!-- Generated by org.testng.reporters.JUnitReportReporter -->
<testsuite hostname="DESKTOP-383AQQU" failures="0" tests="2" name="Day6.SerializationAndDeSerialization" time="0.521" errors="0" timestamp="2024-08-27T23:21:11 IST" skipped="0">
  <testcase classname="Day6.SerializationAndDeSerialization" name="Serialization" time="0.460"/>
  <testcase classname="Day6.SerializationAndDeSerialization" name="DeSerialization" time="0.061"/>
</testsuite> <!-- Day6.SerializationAndDeSerialization -->
