<?xml version="1.0" encoding="UTF-8"?>
<!-- Generated by org.testng.reporters.JUnitReportReporter -->
<testsuite hostname="DESKTOP-383AQQU" failures="0" tests="2" name="Day4.ValidateJsonResponse" time="4.763" errors="0" timestamp="2024-08-25T22:26:06 IST" skipped="0">
  <testcase classname="Day4.ValidateJsonResponse" name="JsonValidation" time="4.625"/>
  <testcase classname="Day4.ValidateJsonResponse" name="JsonResponseValidate" time="0.138"/>
</testsuite> <!-- Day4.ValidateJsonResponse -->
